<?xml version="1.0" encoding="UTF-8"?>
<!-- Generated by org.testng.reporters.JUnitXMLReporter -->
<testsuite ignored="0" hostname="192.168.1.2" failures="1" tests="4" name="Tests" time="86.812" errors="0" timestamp="2021-06-18T00:07:08 UYT">
  <testcase classname="Test.AccountTests" name="CreateAccountWithName" time="14.331"/>
  <testcase classname="Test.AccountTests" name="CreateAccounts" time="17.064"/>
  <testcase classname="Test.AccountTests" name="CreateAccounts" time="16.871"/>
  <testcase classname="Test.AccountTests" name="CreateAccounts" time="16.757">
    <failure type="java.lang.AssertionError" message="The following asserts failed:
	expected [true] but found [false]">
      <![CDATA[java.lang.AssertionError: The following asserts failed:
expected [true] but found [false]
at Test.AccountTests.CreateAccounts(AccountTests.java:89)
at java.base/java.util.ArrayList.forEach(ArrayList.java:1511)
... Removed 29 stack frames]]>
    </failure>
  </testcase> <!-- CreateAccounts -->
</testsuite> <!-- Tests -->
